<?xml version="1.0" encoding="UTF-8"?>
<testng-results skipped="0" failed="1" ignored="0" total="10" passed="9">
  <reporter-output>
  </reporter-output>
  <suite name="Suite" duration-ms="29637" started-at="2022-03-28T21:48:05 IST" finished-at="2022-03-28T21:48:35 IST">
    <groups>
    </groups>
    <test name="Test" duration-ms="29637" started-at="2022-03-28T21:48:05 IST" finished-at="2022-03-28T21:48:35 IST">
      <class name="Com.JC.TestCases.Req4_GET_request_toStats">
        <test-method status="PASS" signature="Ping_Hash_application()[pri:0, instance:Com.JC.TestCases.Req4_GET_request_toStats@c81cdd1]" name="Ping_Hash_application" is-config="true" duration-ms="13" started-at="2022-03-28T21:48:29 IST" finished-at="2022-03-28T21:48:29 IST">
          <reporter-output>
          </reporter-output>
        </test-method> <!-- Ping_Hash_application -->
        <test-method status="PASS" signature="getStats()[pri:0, instance:Com.JC.TestCases.Req4_GET_request_toStats@c81cdd1]" name="getStats" duration-ms="1142" started-at="2022-03-28T21:48:29 IST" finished-at="2022-03-28T21:48:30 IST">
          <reporter-output>
          </reporter-output>
        </test-method> <!-- getStats -->
      </class> <!-- Com.JC.TestCases.Req4_GET_request_toStats -->
      <class name="Com.JC.TestCases.Req5_Graceful_Shutdown_Tcs">
        <test-method status="PASS" signature="Ping_Hash_application()[pri:0, instance:Com.JC.TestCases.Req5_Graceful_Shutdown_Tcs@1fc2b765]" name="Ping_Hash_application" is-config="true" duration-ms="19" started-at="2022-03-28T21:48:30 IST" finished-at="2022-03-28T21:48:30 IST">
          <reporter-output>
          </reporter-output>
        </test-method> <!-- Ping_Hash_application -->
        <test-method status="PASS" signature="Password_Hashing_Success_whileShutDown()[pri:1, instance:Com.JC.TestCases.Req5_Graceful_Shutdown_Tcs@1fc2b765]" name="Password_Hashing_Success_whileShutDown" duration-ms="5081" started-at="2022-03-28T21:48:30 IST" finished-at="2022-03-28T21:48:35 IST">
          <reporter-output>
          </reporter-output>
        </test-method> <!-- Password_Hashing_Success_whileShutDown -->
        <test-method status="FAIL" signature="passwordHashingDenied_when_shutdown_in_progress()[pri:2, instance:Com.JC.TestCases.Req5_Graceful_Shutdown_Tcs@1fc2b765]" name="passwordHashingDenied_when_shutdown_in_progress" duration-ms="31" started-at="2022-03-28T21:48:35 IST" finished-at="2022-03-28T21:48:35 IST">
          <exception class="java.net.ConnectException">
            <message>
              <![CDATA[Connection refused (Connection refused)]]>
            </message>
            <full-stacktrace>
              <![CDATA[java.net.ConnectException: Connection refused (Connection refused)
at java.net.PlainSocketImpl.socketConnect(Native Method)
at java.net.AbstractPlainSocketImpl.doConnect(AbstractPlainSocketImpl.java:476)
at java.net.AbstractPlainSocketImpl.connectToAddress(AbstractPlainSocketImpl.java:218)
at java.net.AbstractPlainSocketImpl.connect(AbstractPlainSocketImpl.java:200)
at java.net.SocksSocketImpl.connect(SocksSocketImpl.java:394)
at java.net.Socket.connect(Socket.java:606)
at org.apache.http.conn.scheme.PlainSocketFactory.connectSocket(PlainSocketFactory.java:121)
at org.apache.http.impl.conn.DefaultClientConnectionOperator.openConnection(DefaultClientConnectionOperator.java:180)
at org.apache.http.impl.conn.ManagedClientConnectionImpl.open(ManagedClientConnectionImpl.java:326)
at org.apache.http.impl.client.DefaultRequestDirector.tryConnect(DefaultRequestDirector.java:605)
at org.apache.http.impl.client.DefaultRequestDirector.execute(DefaultRequestDirector.java:440)
at org.apache.http.impl.client.AbstractHttpClient.doExecute(AbstractHttpClient.java:835)
at org.apache.http.impl.client.CloseableHttpClient.execute(CloseableHttpClient.java:83)
at org.apache.http.impl.client.CloseableHttpClient.execute(CloseableHttpClient.java:56)
at org.apache.http.client.HttpClient$execute$0.call(Unknown Source)
at io.restassured.internal.RequestSpecificationImpl$RestAssuredHttpBuilder.doRequest(RequestSpecificationImpl.groovy:2072)
at io.restassured.internal.http.HTTPBuilder.post(HTTPBuilder.java:350)
at io.restassured.internal.http.HTTPBuilder$post$2.call(Unknown Source)
at io.restassured.internal.RequestSpecificationImpl.sendRequest(RequestSpecificationImpl.groovy:1183)
at sun.reflect.NativeMethodAccessorImpl.invoke0(Native Method)
at sun.reflect.NativeMethodAccessorImpl.invoke(NativeMethodAccessorImpl.java:62)
at sun.reflect.DelegatingMethodAccessorImpl.invoke(DelegatingMethodAccessorImpl.java:43)
at java.lang.reflect.Method.invoke(Method.java:498)
at org.codehaus.groovy.reflection.CachedMethod.invoke(CachedMethod.java:107)
at groovy.lang.MetaMethod.doMethodInvoke(MetaMethod.java:323)
at groovy.lang.MetaClassImpl.invokeMethod(MetaClassImpl.java:1268)
at groovy.lang.MetaClassImpl.invokeMethod(MetaClassImpl.java:1035)
at groovy.lang.MetaClassImpl.invokeMethod(MetaClassImpl.java:819)
at groovy.lang.GroovyObject.invokeMethod(GroovyObject.java:39)
at org.codehaus.groovy.runtime.callsite.PogoInterceptableSite.call(PogoInterceptableSite.java:45)
at org.codehaus.groovy.runtime.callsite.AbstractCallSite.call(AbstractCallSite.java:166)
at io.restassured.internal.filter.SendRequestFilter.filter(SendRequestFilter.groovy:30)
at io.restassured.filter.Filter$filter$0.call(Unknown Source)
at org.codehaus.groovy.runtime.callsite.CallSiteArray.defaultCall(CallSiteArray.java:47)
at io.restassured.filter.Filter$filter.call(Unknown Source)
at io.restassured.internal.filter.FilterContextImpl.next(FilterContextImpl.groovy:72)
at io.restassured.filter.time.TimingFilter.filter(TimingFilter.java:56)
at io.restassured.filter.Filter$filter.call(Unknown Source)
at org.codehaus.groovy.runtime.callsite.CallSiteArray.defaultCall(CallSiteArray.java:47)
at io.restassured.filter.Filter$filter.call(Unknown Source)
at io.restassured.internal.filter.FilterContextImpl.next(FilterContextImpl.groovy:72)
at io.restassured.filter.log.RequestLoggingFilter.filter(RequestLoggingFilter.java:140)
at io.restassured.filter.Filter$filter.call(Unknown Source)
at org.codehaus.groovy.runtime.callsite.CallSiteArray.defaultCall(CallSiteArray.java:47)
at io.restassured.filter.Filter$filter$0.call(Unknown Source)
at io.restassured.internal.filter.FilterContextImpl.next(FilterContextImpl.groovy:72)
at io.restassured.filter.FilterContext$next.call(Unknown Source)
at io.restassured.internal.RequestSpecificationImpl.applyPathParamsAndSendRequest(RequestSpecificationImpl.groovy:1672)
at sun.reflect.NativeMethodAccessorImpl.invoke0(Native Method)
at sun.reflect.NativeMethodAccessorImpl.invoke(NativeMethodAccessorImpl.java:62)
at sun.reflect.DelegatingMethodAccessorImpl.invoke(DelegatingMethodAccessorImpl.java:43)
at java.lang.reflect.Method.invoke(Method.java:498)
at org.codehaus.groovy.reflection.CachedMethod.invoke(CachedMethod.java:107)
at groovy.lang.MetaMethod.doMethodInvoke(MetaMethod.java:323)
at groovy.lang.MetaClassImpl.invokeMethod(MetaClassImpl.java:1268)
at groovy.lang.MetaClassImpl.invokeMethod(MetaClassImpl.java:1035)
at groovy.lang.MetaClassImpl.invokeMethod(MetaClassImpl.java:819)
at groovy.lang.GroovyObject.invokeMethod(GroovyObject.java:39)
at org.codehaus.groovy.runtime.callsite.PogoInterceptableSite.call(PogoInterceptableSite.java:45)
at org.codehaus.groovy.runtime.callsite.PogoInterceptableSite.callCurrent(PogoInterceptableSite.java:55)
at org.codehaus.groovy.runtime.callsite.AbstractCallSite.callCurrent(AbstractCallSite.java:203)
at io.restassured.internal.RequestSpecificationImpl.applyPathParamsAndSendRequest(RequestSpecificationImpl.groovy:1678)
at sun.reflect.NativeMethodAccessorImpl.invoke0(Native Method)
at sun.reflect.NativeMethodAccessorImpl.invoke(NativeMethodAccessorImpl.java:62)
at sun.reflect.DelegatingMethodAccessorImpl.invoke(DelegatingMethodAccessorImpl.java:43)
at java.lang.reflect.Method.invoke(Method.java:498)
at org.codehaus.groovy.reflection.CachedMethod.invoke(CachedMethod.java:107)
at groovy.lang.MetaMethod.doMethodInvoke(MetaMethod.java:323)
at groovy.lang.MetaClassImpl.invokeMethod(MetaClassImpl.java:1268)
at groovy.lang.MetaClassImpl.invokeMethod(MetaClassImpl.java:1035)
at groovy.lang.MetaClassImpl.invokeMethod(MetaClassImpl.java:819)
at groovy.lang.GroovyObject.invokeMethod(GroovyObject.java:39)
at org.codehaus.groovy.runtime.callsite.PogoInterceptableSite.call(PogoInterceptableSite.java:45)
at org.codehaus.groovy.runtime.callsite.PogoInterceptableSite.callCurrent(PogoInterceptableSite.java:55)
at org.codehaus.groovy.runtime.callsite.AbstractCallSite.callCurrent(AbstractCallSite.java:203)
at io.restassured.internal.RequestSpecificationImpl.post(RequestSpecificationImpl.groovy:177)
at io.restassured.internal.RequestSpecificationImpl.post(RequestSpecificationImpl.groovy)
at Com.JC.TestCases.Req5_Graceful_Shutdown_Tcs.passwordHashingDenied_when_shutdown_in_progress(Req5_Graceful_Shutdown_Tcs.java:85)
at sun.reflect.NativeMethodAccessorImpl.invoke0(Native Method)
at sun.reflect.NativeMethodAccessorImpl.invoke(NativeMethodAccessorImpl.java:62)
at sun.reflect.DelegatingMethodAccessorImpl.invoke(DelegatingMethodAccessorImpl.java:43)
at java.lang.reflect.Method.invoke(Method.java:498)
at org.testng.internal.MethodInvocationHelper.invokeMethod(MethodInvocationHelper.java:132)
at org.testng.internal.TestInvoker.invokeMethod(TestInvoker.java:599)
at org.testng.internal.TestInvoker.invokeTestMethod(TestInvoker.java:174)
at org.testng.internal.MethodRunner.runInSequence(MethodRunner.java:46)
at org.testng.internal.TestInvoker$MethodInvocationAgent.invoke(TestInvoker.java:822)
at org.testng.internal.TestInvoker.invokeTestMethods(TestInvoker.java:147)
at org.testng.internal.TestMethodWorker.invokeTestMethods(TestMethodWorker.java:146)
at org.testng.internal.TestMethodWorker.run(TestMethodWorker.java:128)
at java.util.ArrayList.forEach(ArrayList.java:1259)
at org.testng.TestRunner.privateRun(TestRunner.java:764)
at org.testng.TestRunner.run(TestRunner.java:585)
at org.testng.SuiteRunner.runTest(SuiteRunner.java:384)
at org.testng.SuiteRunner.runSequentially(SuiteRunner.java:378)
at org.testng.SuiteRunner.privateRun(SuiteRunner.java:337)
at org.testng.SuiteRunner.run(SuiteRunner.java:286)
at org.testng.SuiteRunnerWorker.runSuite(SuiteRunnerWorker.java:53)
at org.testng.SuiteRunnerWorker.run(SuiteRunnerWorker.java:96)
at org.testng.TestNG.runSuitesSequentially(TestNG.java:1218)
at org.testng.TestNG.runSuitesLocally(TestNG.java:1140)
at org.testng.TestNG.runSuites(TestNG.java:1069)
at org.testng.TestNG.run(TestNG.java:1037)
at org.testng.remote.AbstractRemoteTestNG.run(AbstractRemoteTestNG.java:115)
at org.testng.remote.RemoteTestNG.initAndRun(RemoteTestNG.java:251)
at org.testng.remote.RemoteTestNG.main(RemoteTestNG.java:77)
]]>
            </full-stacktrace>
          </exception> <!-- java.net.ConnectException -->
          <reporter-output>
          </reporter-output>
        </test-method> <!-- passwordHashingDenied_when_shutdown_in_progress -->
      </class> <!-- Com.JC.TestCases.Req5_Graceful_Shutdown_Tcs -->
      <class name="Com.JC.TestCases.Req2_POST_request_Return_JobIdentifierTCs">
        <test-method status="PASS" signature="Ping_Hash_application()[pri:0, instance:Com.JC.TestCases.Req2_POST_request_Return_JobIdentifierTCs@7403c468]" name="Ping_Hash_application" is-config="true" duration-ms="851" started-at="2022-03-28T21:48:06 IST" finished-at="2022-03-28T21:48:06 IST">
          <reporter-output>
          </reporter-output>
        </test-method> <!-- Ping_Hash_application -->
        <test-method status="PASS" signature="Get_Job_Identifier()[pri:1, instance:Com.JC.TestCases.Req2_POST_request_Return_JobIdentifierTCs@7403c468]" name="Get_Job_Identifier" duration-ms="6736" started-at="2022-03-28T21:48:06 IST" finished-at="2022-03-28T21:48:13 IST">
          <reporter-output>
          </reporter-output>
        </test-method> <!-- Get_Job_Identifier -->
        <test-method status="PASS" signature="Job_Identifier_Immediate_Return()[pri:2, instance:Com.JC.TestCases.Req2_POST_request_Return_JobIdentifierTCs@7403c468]" name="Job_Identifier_Immediate_Return" duration-ms="4" started-at="2022-03-28T21:48:13 IST" finished-at="2022-03-28T21:48:13 IST">
          <reporter-output>
          </reporter-output>
        </test-method> <!-- Job_Identifier_Immediate_Return -->
        <test-method status="PASS" signature="noBodyinJson()[pri:3, instance:Com.JC.TestCases.Req2_POST_request_Return_JobIdentifierTCs@7403c468]" name="noBodyinJson" duration-ms="5096" started-at="2022-03-28T21:48:13 IST" finished-at="2022-03-28T21:48:18 IST">
          <reporter-output>
          </reporter-output>
        </test-method> <!-- noBodyinJson -->
        <test-method status="PASS" signature="empty_password()[pri:4, instance:Com.JC.TestCases.Req2_POST_request_Return_JobIdentifierTCs@7403c468]" name="empty_password" duration-ms="5072" started-at="2022-03-28T21:48:18 IST" finished-at="2022-03-28T21:48:23 IST">
          <reporter-output>
          </reporter-output>
        </test-method> <!-- empty_password -->
      </class> <!-- Com.JC.TestCases.Req2_POST_request_Return_JobIdentifierTCs -->
      <class name="Com.JC.TestCases.Req3_GET_request_Base64EncodedTCs">
        <test-method status="PASS" signature="Ping_Hash_application()[pri:0, instance:Com.JC.TestCases.Req3_GET_request_Base64EncodedTCs@43738a82]" name="Ping_Hash_application" is-config="true" duration-ms="5080" started-at="2022-03-28T21:48:23 IST" finished-at="2022-03-28T21:48:28 IST">
          <reporter-output>
          </reporter-output>
        </test-method> <!-- Ping_Hash_application -->
        <test-method status="PASS" signature="Get_Base64_Password()[pri:1, instance:Com.JC.TestCases.Req3_GET_request_Base64EncodedTCs@43738a82]" name="Get_Base64_Password" duration-ms="74" started-at="2022-03-28T21:48:28 IST" finished-at="2022-03-28T21:48:29 IST">
          <reporter-output>
          </reporter-output>
        </test-method> <!-- Get_Base64_Password -->
        <test-method status="PASS" signature="Get_request_fail_withNo_job_iD()[pri:2, instance:Com.JC.TestCases.Req3_GET_request_Base64EncodedTCs@43738a82]" name="Get_request_fail_withNo_job_iD" duration-ms="92" started-at="2022-03-28T21:48:29 IST" finished-at="2022-03-28T21:48:29 IST">
          <reporter-output>
          </reporter-output>
        </test-method> <!-- Get_request_fail_withNo_job_iD -->
        <test-method status="PASS" signature="Get_request_fail_with_non_existent_JID()[pri:3, instance:Com.JC.TestCases.Req3_GET_request_Base64EncodedTCs@43738a82]" name="Get_request_fail_with_non_existent_JID" duration-ms="44" started-at="2022-03-28T21:48:29 IST" finished-at="2022-03-28T21:48:29 IST">
          <reporter-output>
          </reporter-output>
        </test-method> <!-- Get_request_fail_with_non_existent_JID -->
      </class> <!-- Com.JC.TestCases.Req3_GET_request_Base64EncodedTCs -->
    </test> <!-- Test -->
  </suite> <!-- Suite -->
</testng-results>
